### version information

```
pre-commit version: 4.2.0
git --version: git version 2.39.5 (Apple Git-154)
sys.version:
    3.12.3 (v3.12.3:f6650f9ad7, Apr  9 2024, 08:18:48) [Clang 13.0.0 (clang-1300.0.29.30)]
sys.executable: /Users/kay/uatp-capsule-engine/.venv/bin/python
os.name: posix
sys.platform: darwin
```

### error information

```
An error has occurred: FatalError: git failed. Is it installed, and are you in a Git repository directory?
```

```
Traceback (most recent call last):
  File "/Users/kay/uatp-capsule-engine/.venv/lib/python3.12/site-packages/pre_commit/git.py", line 58, in get_root
    cmd_output('git', 'rev-parse', '--show-cdup')[1].strip(),
    ^^^^^^^^^^^^^^^^^^^^^^^^^^^^^^^^^^^^^^^^^^^^^
  File "/Users/kay/uatp-capsule-engine/.venv/lib/python3.12/site-packages/pre_commit/util.py", line 117, in cmd_output
    returncode, stdout_b, stderr_b = cmd_output_b(*cmd, **kwargs)
                                     ^^^^^^^^^^^^^^^^^^^^^^^^^^^^
  File "/Users/kay/uatp-capsule-engine/.venv/lib/python3.12/site-packages/pre_commit/util.py", line 111, in cmd_output_b
    raise CalledProcessError(returncode, cmd, stdout_b, stderr_b)
pre_commit.util.CalledProcessError: command: ('/usr/bin/git', 'rev-parse', '--show-cdup')
return code: 128
stdout: (none)
stderr:
    fatal: not a git repository (or any of the parent directories): .git

During handling of the above exception, another exception occurred:

Traceback (most recent call last):
  File "/Users/kay/uatp-capsule-engine/.venv/lib/python3.12/site-packages/pre_commit/error_handler.py", line 73, in error_handler
    yield
  File "/Users/kay/uatp-capsule-engine/.venv/lib/python3.12/site-packages/pre_commit/main.py", line 373, in main
    _adjust_args_and_chdir(args)
  File "/Users/kay/uatp-capsule-engine/.venv/lib/python3.12/site-packages/pre_commit/main.py", line 183, in _adjust_args_and_chdir
    toplevel = git.get_root()
               ^^^^^^^^^^^^^^
  File "/Users/kay/uatp-capsule-engine/.venv/lib/python3.12/site-packages/pre_commit/git.py", line 64, in get_root
    raise FatalError(
pre_commit.errors.FatalError: git failed. Is it installed, and are you in a Git repository directory?
```
